[00:04:06] [Server thread/INFO]: TestBot lost connection: Disconnected
[00:04:06] [Server thread/INFO]: TestBot left the game
[00:04:06] [Server thread/INFO]: TestBot2 lost connection: Disconnected
[00:04:06] [Server thread/INFO]: TestBot2 left the game
[00:04:06] [Server thread/INFO]: TestBot3 lost connection: Disconnected
[00:04:06] [Server thread/INFO]: TestBot3 left the game
[00:05:06] [Server thread/INFO]: Server empty for 60 seconds, pausing
[11:05:31] [Server thread/INFO]: testuser[/127.0.0.1:34038] logged in with entity id 10645 at (6.5, 74.0, 8.5)
[11:05:31] [Server thread/INFO]: testuser joined the game
[11:05:52] [Server thread/INFO]: testuser lost connection: Disconnected
[11:05:52] [Server thread/INFO]: testuser left the game
[11:05:53] [Server thread/INFO]: testuser[/127.0.0.1:36822] logged in with entity id 10990 at (8.3, 69.0, 5.497646656639896)
[11:05:53] [Server thread/INFO]: testuser joined the game
[11:06:23] [Server thread/INFO]: testuser2[/127.0.0.1:39212] logged in with entity id 11227 at (8.5, 74.0, -2.5)
[11:06:23] [Server thread/INFO]: testuser2 joined the game
[11:06:27] [Server thread/INFO]: testuser2 lost connection: Disconnected
[11:06:27] [Server thread/INFO]: testuser2 left the game
[11:08:19] [Server thread/INFO]: testuser was slain by Zombie
[11:08:39] [Server thread/INFO]: testuser was slain by Zombie
[11:09:02] [Server thread/INFO]: testuser was slain by Zombie
[12:01:17] [Server thread/INFO]: testuser2[/127.0.0.1:52148] logged in with entity id 16485 at (15.3, 72.0, -3.7054563337043467)
[12:01:17] [Server thread/INFO]: testuser2 joined the game
[12:01:32] [Server thread/INFO]: testuser2 lost connection: Disconnected
[12:01:32] [Server thread/INFO]: testuser2 left the game
[12:01:33] [Server thread/INFO]: testuser2[/127.0.0.1:44632] logged in with entity id 16533 at (16.7, 72.0, -3.3)
[12:01:33] [Server thread/INFO]: testuser2 joined the game
[12:01:37] [Server thread/INFO]: testuser2 lost connection: Disconnected
[12:01:37] [Server thread/INFO]: testuser2 left the game
