Starting net.minecraft.server.Main
[13:18:31] [ServerMain/INFO]: Environment: Environment[sessionHost=https://sessionserver.mojang.com, servicesHost=https://api.minecraftservices.com, profilesHost=https://api.mojang.com, name=PROD]
[13:18:32] [ServerMain/INFO]: Loaded 1470 recipes
[13:18:32] [ServerMain/INFO]: Loaded 1584 advancements
[13:18:32] [Server thread/INFO]: Starting minecraft server version 1.21.11
[13:18:32] [Server thread/INFO]: Loading properties
[13:18:32] [Server thread/INFO]: Default game type: SURVIVAL
[13:18:32] [Server thread/INFO]: Generating keypair
[13:18:32] [Server thread/INFO]: Starting Minecraft server on *:25565
[13:18:33] [Server thread/WARN]: **** SERVER IS RUNNING IN OFFLINE/INSECURE MODE!
[13:18:33] [Server thread/WARN]: The server will make no attempt to authenticate usernames. Beware.
[13:18:33] [Server thread/WARN]: While this makes the game possible to play without internet access, it also opens up the ability for hackers to connect with any username they choose.
[13:18:33] [Server thread/WARN]: To change this, set "online-mode" to "true" in the server.properties file.
[13:18:33] [Server thread/INFO]: Preparing level "world"
[13:18:33] [Server thread/INFO]: Loading 0 persistent chunks...
[13:18:33] [Server thread/INFO]: Preparing spawn area: 100%
[13:18:33] [Server thread/INFO]: Time elapsed: 13 ms
[13:18:33] [Server thread/INFO]: Done (0.266s)! For help, type "help"
[13:19:33] [Server thread/INFO]: Server empty for 60 seconds, pausing
[13:39:56] [Server thread/INFO]: TestBot[/127.0.0.1:45340] logged in with entity id 53 at (10.628561864252879, 64.0, 13.3)
[13:39:56] [Server thread/INFO]: TestBot joined the game
[13:45:19] [Server thread/INFO]: BuilderBot[/127.0.0.1:33052] logged in with entity id 823 at (-1.5, 75.0, 5.5)
[13:45:19] [Server thread/INFO]: BuilderBot joined the game
[13:46:53] [Server thread/INFO]: TestBot2[/127.0.0.1:54730] logged in with entity id 1007 at (0.5, 86.0, -7.5)
[13:46:53] [Server thread/INFO]: TestBot2 joined the game
[13:47:09] [Server thread/INFO]: TestBot2 lost connection: You logged in from another location
[13:47:09] [Server thread/INFO]: TestBot2 left the game
[13:47:09] [Server thread/INFO]: TestBot2[/127.0.0.1:48380] logged in with entity id 1051 at (0.5, 86.0, -7.5)
[13:47:09] [Server thread/INFO]: TestBot2 joined the game
[13:48:45] [Server thread/INFO]: TestBot3[/127.0.0.1:53586] logged in with entity id 1234 at (-7.5, 75.0, 9.5)
[13:48:45] [Server thread/INFO]: TestBot3 joined the game
[13:51:51] [Server thread/INFO]: TestBot3 was slain by Enderman
[13:52:59] [Server thread/INFO]: TestBot3 was slain by Zombie
[13:53:03] [Server thread/INFO]: BuilderBot lost connection: You logged in from another location
[13:53:03] [Server thread/INFO]: BuilderBot left the game
[13:53:03] [Server thread/INFO]: BuilderBot[/127.0.0.1:59972] logged in with entity id 1738 at (-1.5, 75.0, 5.5)
[13:53:03] [Server thread/INFO]: BuilderBot joined the game
[13:53:13] [Server thread/INFO]: BuilderBot was slain by Zombie
[13:53:27] [Server thread/INFO]: TestBot3 was slain by Zombie
[13:53:41] [Server thread/INFO]: BuilderBot was slain by Enderman
[13:53:55] [Server thread/INFO]: TestBot3 was slain by Zombie
[13:56:49] [Server thread/INFO]: DebugBot[/127.0.0.1:52248] logged in with entity id 2164 at (-7.5, 104.0, -7.5)
[13:56:49] [Server thread/INFO]: DebugBot joined the game
[13:56:54] [Server thread/INFO]: DebugBot lost connection: You logged in from another location
[13:56:54] [Server thread/INFO]: DebugBot left the game
[13:56:54] [Server thread/INFO]: DebugBot[/127.0.0.1:52258] logged in with entity id 2176 at (-7.5, 104.0, -7.5)
[13:56:54] [Server thread/INFO]: DebugBot joined the game
[13:58:06] [Server thread/INFO]: GathererBot[/127.0.0.1:55352] logged in with entity id 2314 at (-1.5, 96.0, -8.5)
[13:58:06] [Server thread/INFO]: GathererBot joined the game
[14:00:15] [Server thread/INFO]: BuildTestBot[/127.0.0.1:36002] logged in with entity id 2589 at (-9.5, 103.0, -5.5)
[14:00:15] [Server thread/INFO]: BuildTestBot joined the game
[14:02:58] [Server thread/INFO]: DebugUsernameBot[/127.0.0.1:35500] logged in with entity id 2896 at (1.5, 83.0, -7.5)
[14:02:58] [Server thread/INFO]: DebugUsernameBot joined the game
[14:04:18] [Server thread/INFO]: BuildTestBot lost connection: You logged in from another location
[14:04:18] [Server thread/INFO]: BuildTestBot left the game
[14:04:18] [Server thread/INFO]: BuildTestBot[/127.0.0.1:46250] logged in with entity id 3056 at (-9.5, 103.0, -5.5)
[14:04:18] [Server thread/INFO]: BuildTestBot joined the game
[14:15:12] [Server thread/INFO]: BuildTestBot lost connection: You logged in from another location
[14:15:12] [Server thread/INFO]: BuildTestBot left the game
[14:15:12] [Server thread/INFO]: BuildTestBot[/127.0.0.1:37948] logged in with entity id 4275 at (-9.5, 103.0, -5.5)
[14:15:12] [Server thread/INFO]: BuildTestBot joined the game
[14:17:36] [Server thread/INFO]: TestLogBot[/127.0.0.1:60276] logged in with entity id 4537 at (0.5, 76.0, 0.5)
[14:17:36] [Server thread/INFO]: TestLogBot joined the game
[14:19:07] [Server thread/INFO]: TestLogBot was slain by Zombie
[14:20:17] [Server thread/INFO]: BuildTestBot lost connection: You logged in from another location
[14:20:17] [Server thread/INFO]: BuildTestBot left the game
[14:20:17] [Server thread/INFO]: BuildTestBot[/127.0.0.1:54254] logged in with entity id 4836 at (-9.5, 103.0, -5.5)
[14:20:17] [Server thread/INFO]: BuildTestBot joined the game
[14:22:56] [Server thread/INFO]: TestBot lost connection: Disconnected
[14:22:56] [Server thread/INFO]: TestBot left the game
[14:22:56] [Server thread/INFO]: TestBot2 lost connection: Disconnected
[14:22:56] [Server thread/INFO]: TestBot2 left the game
[14:22:56] [Server thread/INFO]: TestBot3 lost connection: Disconnected
[14:22:56] [Server thread/INFO]: TestBot3 left the game
[14:22:56] [Server thread/INFO]: BuilderBot lost connection: Disconnected
[14:22:56] [Server thread/INFO]: BuilderBot left the game
[14:22:56] [Server thread/INFO]: DebugBot lost connection: Disconnected
[14:22:56] [Server thread/INFO]: DebugBot left the game
[14:22:56] [Server thread/INFO]: GathererBot lost connection: Disconnected
[14:22:56] [Server thread/INFO]: GathererBot left the game
[14:22:56] [Server thread/INFO]: DebugUsernameBot lost connection: Disconnected
[14:22:56] [Server thread/INFO]: DebugUsernameBot left the game
[14:22:56] [Server thread/INFO]: TestLogBot lost connection: Disconnected
[14:22:56] [Server thread/INFO]: TestLogBot left the game
[14:22:56] [Server thread/INFO]: BuildTestBot lost connection: Disconnected
[14:22:56] [Server thread/INFO]: BuildTestBot left the game
[14:23:37] [Server thread/INFO]: BuilderTest[/127.0.0.1:54228] logged in with entity id 5199 at (7.5, 79.0, -9.5)
[14:23:37] [Server thread/INFO]: BuilderTest joined the game
[14:27:36] [Server thread/INFO]: BuilderTest lost connection: Disconnected
[14:27:36] [Server thread/INFO]: BuilderTest left the game
[14:28:36] [Server thread/INFO]: Server empty for 60 seconds, pausing
[14:30:34] [Server thread/INFO]: TestFix[/127.0.0.1:41362] logged in with entity id 5870 at (-2.5, 79.0, 0.5)
[14:30:34] [Server thread/INFO]: TestFix joined the game
[14:30:48] [Server thread/INFO]: BuildTestBot[/127.0.0.1:59242] logged in with entity id 6081 at (-9.5, 103.0, -5.5)
[14:30:48] [Server thread/INFO]: BuildTestBot joined the game
[14:31:20] [Server thread/INFO]: GatherBot[/127.0.0.1:43898] logged in with entity id 6129 at (0.5, 74.0, 9.5)
[14:31:20] [Server thread/INFO]: GatherBot joined the game
[14:38:21] [Server thread/INFO]: TestGatherBot[/127.0.0.1:40350] logged in with entity id 6884 at (-3.5, 84.0, -2.5)
[14:38:21] [Server thread/INFO]: TestGatherBot joined the game
[14:39:57] [Server thread/INFO]: TestGatherBot2[/127.0.0.1:33944] logged in with entity id 7061 at (-9.5, 91.0, -0.5)
[14:39:57] [Server thread/INFO]: TestGatherBot2 joined the game
[14:41:56] [Server thread/INFO]: TestAutoBot[/127.0.0.1:49026] logged in with entity id 7264 at (-6.5, 89.0, -2.5)
[14:41:56] [Server thread/INFO]: TestAutoBot joined the game
[14:45:59] [Server thread/INFO]: TestFix lost connection: Disconnected
[14:45:59] [Server thread/INFO]: TestFix left the game
[14:45:59] [Server thread/INFO]: BuildTestBot lost connection: Disconnected
[14:45:59] [Server thread/INFO]: BuildTestBot left the game
[14:45:59] [Server thread/INFO]: GatherBot lost connection: Disconnected
[14:45:59] [Server thread/INFO]: GatherBot left the game
[14:45:59] [Server thread/INFO]: TestGatherBot lost connection: Disconnected
[14:45:59] [Server thread/INFO]: TestGatherBot left the game
[14:45:59] [Server thread/INFO]: TestGatherBot2 lost connection: Disconnected
[14:45:59] [Server thread/INFO]: TestGatherBot2 left the game
[14:45:59] [Server thread/INFO]: TestAutoBot lost connection: Disconnected
[14:45:59] [Server thread/INFO]: TestAutoBot left the game
[14:46:59] [Server thread/INFO]: Server empty for 60 seconds, pausing
[14:51:25] [Server thread/INFO]: TestCreateBot[/127.0.0.1:57506] logged in with entity id 7778 at (-4.5, 87.0, -3.5)
[14:51:25] [Server thread/INFO]: TestCreateBot joined the game
[15:10:55] [Server thread/INFO]: TestCreateBot lost connection: Disconnected
[15:10:55] [Server thread/INFO]: TestCreateBot left the game
[15:11:24] [Server thread/INFO]: TestCreateBot[/127.0.0.1:46506] logged in with entity id 9785 at (-4.5, 87.0, -3.5)
[15:11:24] [Server thread/INFO]: TestCreateBot joined the game
[15:14:06] [Server thread/INFO]: TestCreateBot2[/127.0.0.1:58998] logged in with entity id 10170 at (2.5, 75.0, 2.5)
[15:14:06] [Server thread/INFO]: TestCreateBot2 joined the game
[15:16:11] [Server thread/INFO]: TestCreateBot lost connection: Disconnected
[15:16:11] [Server thread/INFO]: TestCreateBot left the game
[15:16:12] [Server thread/INFO]: TestCreateBot2 lost connection: Disconnected
[15:16:12] [Server thread/INFO]: TestCreateBot2 left the game
[15:17:11] [Server thread/INFO]: Server empty for 60 seconds, pausing
[15:19:41] [Server thread/INFO]: TestBuildBot[/127.0.0.1:42276] logged in with entity id 10439 at (7.5, 74.0, 5.5)
[15:19:41] [Server thread/INFO]: TestBuildBot joined the game
[15:22:23] [Server thread/INFO]: TestBuildBot lost connection: Disconnected
[15:22:23] [Server thread/INFO]: TestBuildBot left the game
[15:22:50] [Server thread/INFO]: TestBuildBot[/127.0.0.1:51454] logged in with entity id 10987 at (7.5, 74.0, 5.5)
[15:22:50] [Server thread/INFO]: TestBuildBot joined the game
[15:32:18] [Server thread/INFO]: TestBuildBot was slain by Enderman
[16:48:45] [Server thread/INFO]: TestBuildBot was slain by Phantom
[17:00:44] [Server thread/INFO]: TestBuildBot was slain by Zombie
[18:15:48] [Server thread/INFO]: TestBuildBot2[/127.0.0.1:48756] logged in with entity id 26976 at (9.5, 74.0, -7.5)
[18:15:48] [Server thread/INFO]: TestBuildBot2 joined the game
[18:18:29] [Server thread/INFO]: TestBuildBot lost connection: Disconnected
[18:18:29] [Server thread/INFO]: TestBuildBot left the game
[18:18:29] [Server thread/INFO]: TestBuildBot2 lost connection: Disconnected
[18:18:29] [Server thread/INFO]: TestBuildBot2 left the game
[18:19:02] [Server thread/INFO]: TestBuildBot3[/127.0.0.1:36352] logged in with entity id 27299 at (3.5, 74.0, 10.5)
[18:19:02] [Server thread/INFO]: TestBuildBot3 joined the game
[18:21:32] [Server thread/INFO]: TestBuildBot3 lost connection: Disconnected
[18:21:32] [Server thread/INFO]: TestBuildBot3 left the game
[18:21:56] [Server thread/INFO]: TestCreateBot4[/127.0.0.1:37030] logged in with entity id 27803 at (-9.5, 88.0, 0.5)
[18:21:56] [Server thread/INFO]: TestCreateBot4 joined the game
[18:25:05] [Server thread/INFO]: TestCreateBot4 lost connection: Disconnected
[18:25:05] [Server thread/INFO]: TestCreateBot4 left the game
[18:25:54] [Server thread/INFO]: TestCreateBot5[/127.0.0.1:51500] logged in with entity id 28363 at (8.5, 74.0, 9.5)
[18:25:54] [Server thread/INFO]: TestCreateBot5 joined the game
[18:26:14] [Server thread/INFO]: TestCreateBot5 was slain by Zombie
[18:26:33] [Server thread/INFO]: TestCreateBot5 was slain by Zombie
[18:26:46] [Server thread/INFO]: TestCreateBot5 was slain by Zombie
[18:28:02] [Server thread/INFO]: TestCreateBot5 lost connection: Disconnected
[18:28:02] [Server thread/INFO]: TestCreateBot5 left the game
[18:29:02] [Server thread/INFO]: Server empty for 60 seconds, pausing
[18:32:33] [Server thread/INFO]: TestBuildFinal[/127.0.0.1:49782] logged in with entity id 28808 at (-2.5, 101.0, -9.5)
[18:32:33] [Server thread/INFO]: TestBuildFinal joined the game
[19:08:12] [Server thread/INFO]: TestBuildFinal lost connection: Disconnected
[19:08:12] [Server thread/INFO]: TestBuildFinal left the game
[19:09:12] [Server thread/INFO]: Server empty for 60 seconds, pausing
[19:13:17] [Server thread/INFO]: TestBuildFinal[/127.0.0.1:53796] logged in with entity id 32389 at (-2.5, 101.0, -9.5)
[19:13:17] [Server thread/INFO]: TestBuildFinal joined the game
[19:34:04] [Server thread/INFO]: TestBuildFinal lost connection: Disconnected
[19:34:04] [Server thread/INFO]: TestBuildFinal left the game
[19:35:04] [Server thread/INFO]: Server empty for 60 seconds, pausing
[15:59:45] [Server thread/INFO]: test6[/127.0.0.1:33216] logged in with entity id 34612 at (-1.5, 75.0, 5.5)
[15:59:45] [Server thread/INFO]: test6 joined the game
