[2026-04-05T15:49:23.809Z] PID file written: /data/code/minebot/logs/bot_server.pid (PID: 428986)
[2026-04-05T15:49:23.820Z] WebSocket server listening on 0.0.0.0:9500
[2026-04-05T15:49:23.820Z] Connected to SQLite database
[2026-04-05T15:49:23.821Z] [Auto-Build] Build is outdated (git changes detected), running build...
[2026-04-05T15:49:23.821Z] [Auto-Build] Running npm run build...
[2026-04-05T15:49:23.823Z] [Evolution] Connecting to evolution database...
[2026-04-05T15:49:23.824Z] [Evolution] Evolution tables initialized successfully
[2026-04-05T15:49:23.857Z] [Server] Loading saved bots for auto-reconnect...
[2026-04-05T15:49:23.857Z] [Server] No active bots to reconnect
[2026-04-05T15:49:28.053Z] [Auto-Build] Build completed successfully
[2026-04-05T15:49:28.053Z] [Auto-Build] Standard output: 
> minecraft-robot-frontend@1.0.0 build
> react-scripts build

Creating an optimized production build...
Compiled with warnings.

[eslint] 
src/components/BotDetail.js
  Line 29:6:  React Hook useEffect has a missing dependency: 'bot'. Either include it or remove the dependency array                                                                                                                                                                                                                                                                    react-hooks/exhaustive-deps
  Line 67:9:  The href attribute is required for an anchor to be keyboard accessible. Provide a valid, navigable address as the href value. If you cannot provide an href, but still need the element to resemble a link, use a button and change it with appropriate styles. Learn more: https://github.com/jsx-eslint/eslint-plugin-jsx-a11y/blob/HEAD/docs/rules/anchor-is-valid.md  jsx-a11y/anchor-is-valid

src/components/ConfigPanel.js
  Line 51:6:  React Hook useEffect has a missing dependency: 'fetchDefaultValues'. Either include it or remove the dependency array  react-hooks/exhaustive-deps

src/components/Dashboard.js
  Line 14:21:  'setInventory' is assigned a value but never used                                                                no-unused-vars
  Line 112:6:  React Hook useEffect has a missing dependency: 'currentBotId'. Either include it or remove the dependency array  react-hooks/exhaustive-deps

src/components/LogViewer.js
  Line 14:9:  'intervalRef' is assigned a value but never used  no-unused-vars

src/components/VideoPlayer/VideoPlayer.jsx
  Line 41:6:  React Hook useEffect has missing dependencies: 'autoConnect', 'setupWebSocket', and 'stopStream'. Either include them or remove the dependency array  react-hooks/exhaustive-deps
  Line 93:5:  Expected a default case                                                                                                                               default-case

Search for the keywords to learn more about each warning.
To ignore, add // eslint-disable-next-line to the line before.

File sizes after gzip:

  73.98 kB  build/static/js/main.e09d4b06.js
  7.26 kB   build/static/css/main.ade65cab.css

The project was built assuming it is hosted at /.
You can control this with the homepage field in your package.json.

The build folder is ready to be deployed.
You may serve it with a static server:

  npm install -g serve
  serve -s build

Find out more about deployment here:

  https://cra.link/deployment


[2026-04-05T15:49:28.053Z] [Auto-Build] Standard error: (node:429030) [DEP0176] DeprecationWarning: fs.F_OK is deprecated, use fs.constants.F_OK instead
(Use `node --trace-deprecation ...` to show where the warning was created)

[2026-04-05T15:49:29.819Z] [API] Received request to start bot with username: LogTest2
[2026-04-05T15:49:29.819Z] [API] Creating bot instance for host: localhost:25565
[2026-04-05T15:49:29.819Z] [API] Loading bot/index.js from: /data/code/minebot/bot/index.js
[2026-04-05T15:49:29.819Z] [Bot] Loading bot/index.js module
[2026-04-05T15:49:29.913Z] [API] Bot instance created, botId from constructor: null
[2026-04-05T15:49:29.913Z] [API] After setting botId: bot_1775404169913_ex60roeor
[2026-04-05T15:49:29.913Z] [API] Attempting to connect bot...
[2026-04-05T15:49:29.913Z] [Bot] connect() called, this.botId is: bot_1775404169913_ex60roeor
[2026-04-05T15:49:29.913Z] [Bot] Creating bot with username: LogTest2
[2026-04-05T15:49:29.913Z] [Bot] Target server: localhost:25565
[2026-04-05T15:49:29.913Z] [Bot] Start automatic: true
[2026-04-05T15:49:29.913Z] [Bot] Inside Promise, this.botId is: bot_1775404169913_ex60roeor
[2026-04-05T15:49:29.986Z] [Bot] After createBot, this.botId is: bot_1775404169913_ex60roeor
[2026-04-05T15:49:29.986Z] [Bot] Before ID check, this.botId is: bot_1775404169913_ex60roeor
[2026-04-05T15:49:29.986Z] [Bot] Using existing botId: bot_1775404169913_ex60roeor
[2026-04-05T15:49:29.986Z] [Bot] Setting up event listeners
[2026-04-05T15:49:30.162Z] [Bot] Bot spawned
[2026-04-05T15:49:30.162Z] [Bot] mcData loaded: true
[2026-04-05T15:49:30.162Z] [Bot] mcData attached to _client: true
[2026-04-05T15:49:30.173Z] [Bot] Bot version: 1.21.11
[2026-04-05T15:49:30.173Z] [Bot] Initializing evolution manager with botId: bot_1775404169913_ex60roeor
[2026-04-05T15:49:30.174Z] WebSocket client connected
[2026-04-05T15:49:30.175Z] WebSocket connected to backend at localhost:9500/
[2026-04-05T15:49:30.175Z] Registered WebSocket for bot bot_1775404169913_ex60roeor
[2026-04-05T15:49:30.176Z] Bot registration acknowledged
WARN: [2026-04-05T15:49:30.176Z] Unknown WebSocket message type: bots_list
[2026-04-05T15:49:30.177Z] [Bot] Evolution manager initialized successfully
[2026-04-05T15:49:30.177Z] [Pathfinder] Using simple pathfinder (no mineflayer-pathfinder)
[2026-04-05T15:49:30.198Z] [Screenshot] prismarine-viewer detected, will attempt 3D rendering
[2026-04-05T15:49:30.198Z] [Screenshot] Module initialized: 854 x 480 (prismarine: true)
[2026-04-05T15:49:30.198Z] [Bot] Bot ready with ID: bot_1775404169913_ex60roeor
[2026-04-05T15:49:30.198Z] [Bot] Starting automatic behavior in survival mode
[2026-04-05T15:49:30.198Z] [Behaviors] Setting currentMode to: survival
[2026-04-05T15:49:30.198Z] Starting survival behavior with goal: basic_survival
[2026-04-05T15:49:30.198Z] [Behaviors] Setting currentMode to: survival
[2026-04-05T15:49:30.198Z] Starting automatic behavior in survival mode
[2026-04-05T15:49:30.198Z] Auto-gathering survival resources...
[2026-04-05T15:49:30.198Z] Gathering resources: ["oak_log","cobblestone","wheat","carrot"] within radius 30
[2026-04-05T15:49:30.269Z] No target blocks found nearby
[2026-04-05T15:49:30.269Z] [Bot] Screenshot module initialized, starting stream
[2026-04-05T15:49:30.269Z] [Bot] Screenshot stream started success
[2026-04-05T15:49:30.269Z] [API] Bot started successfully with ID: bot_1775404169913_ex60roeor
[2026-04-05T15:49:30.281Z] [API] Failed to record evolution: Failed to save experiences: SQLITE_CONSTRAINT: NOT NULL constraint failed: experience_log.bot_id
[2026-04-05T15:49:30.322Z] No natural resources found nearby - bot can connect and move!
[2026-04-05T15:49:30.322Z] Testing basic movement...
[2026-04-05T15:49:30.322Z] [Pathfinder] Moving to -2.5, 85, 5.5
[2026-04-05T15:49:32.304Z] [API] Bot state saved successfully
[2026-04-05T15:49:32.304Z] [Behaviors] Setting currentMode to: survival
[2026-04-05T15:49:32.304Z] Starting survival behavior with goal: basic_survival
[2026-04-05T15:49:32.304Z] [Behaviors] Setting currentMode to: survival
[2026-04-05T15:49:32.304Z] Starting automatic behavior in survival mode
[2026-04-05T15:49:32.304Z] Auto-gathering survival resources...
[2026-04-05T15:49:32.304Z] Gathering resources: ["oak_log","cobblestone","wheat","carrot"] within radius 30
[2026-04-05T15:49:32.410Z] No target blocks found nearby
[2026-04-05T15:49:32.410Z] [API] Automatic behavior started for bot bot_1775404169913_ex60roeor
[2026-04-05T15:49:32.478Z] No natural resources found nearby - bot can connect and move!
[2026-04-05T15:49:32.478Z] Testing basic movement...
[2026-04-05T15:49:32.478Z] [Pathfinder] Moving to 4.752919629439989, 71.76636799395752, 12.7529196294407
[2026-04-05T15:49:45.756Z] [Pathfinder] Movement stopped
[2026-04-05T15:49:45.756Z] [Pathfinder] Timeout reached after 15000ms
[2026-04-05T15:49:45.756Z] [Behaviors] Movement test failed: Movement timeout. Continuing...
[2026-04-05T15:49:45.756Z] Automatic behavior completed
[2026-04-05T15:49:45.756Z] [Bot] Automatic behavior started with mode: survival
[2026-04-05T15:49:47.885Z] [Pathfinder] Movement stopped
[2026-04-05T15:49:47.885Z] [Pathfinder] Timeout reached after 15000ms
[2026-04-05T15:49:47.885Z] [Behaviors] Movement test failed: Movement timeout. Continuing...
[2026-04-05T15:49:47.885Z] Automatic behavior completed
