Starting net.minecraft.server.Main
WARNING: A restricted method in java.lang.System has been called
WARNING: java.lang.System::load has been called by com.sun.jna.Native in an unnamed module (file:/data/code/minebot/resources/java-1.21.11/libraries/net/java/dev/jna/jna/5.17.0/jna-5.17.0.jar)
WARNING: Use --enable-native-access=ALL-UNNAMED to avoid a warning for callers in this module
WARNING: Restricted methods will be blocked in a future release unless native access is enabled

WARNING: A terminally deprecated method in sun.misc.Unsafe has been called
WARNING: sun.misc.Unsafe::objectFieldOffset has been called by org.joml.MemUtil$MemUtilUnsafe (file:/data/code/minebot/resources/java-1.21.11/libraries/org/joml/joml/1.10.8/joml-1.10.8.jar)
WARNING: Please consider reporting this to the maintainers of class org.joml.MemUtil$MemUtilUnsafe
WARNING: sun.misc.Unsafe::objectFieldOffset will be removed in a future release
[14:34:33] [ServerMain/INFO]: Environment: Environment[sessionHost=https://sessionserver.mojang.com, servicesHost=https://api.minecraftservices.com, profilesHost=https://api.mojang.com, name=PROD]
[14:34:33] [ServerMain/INFO]: Loaded 1470 recipes
[14:34:34] [ServerMain/INFO]: Loaded 1584 advancements
[14:34:34] [Server thread/INFO]: Starting minecraft server version 1.21.11
[14:34:34] [Server thread/INFO]: Loading properties
[14:34:34] [Server thread/INFO]: Default game type: CREATIVE
[14:34:34] [Server thread/INFO]: Generating keypair
[14:34:34] [Server thread/INFO]: Starting Minecraft server on *:25565
[14:34:34] [Server thread/WARN]: **** SERVER IS RUNNING IN OFFLINE/INSECURE MODE!
[14:34:34] [Server thread/WARN]: The server will make no attempt to authenticate usernames. Beware.
[14:34:34] [Server thread/WARN]: While this makes the game possible to play without internet access, it also opens up the ability for hackers to connect with any username they choose.
[14:34:34] [Server thread/WARN]: To change this, set "online-mode" to "true" in the server.properties file.
[14:34:34] [Server thread/INFO]: Preparing level "world"
[14:34:34] [Server thread/INFO]: Loading 0 persistent chunks...
[14:34:34] [Server thread/INFO]: Time elapsed: 10 ms
[14:34:34] [Server thread/INFO]: Done (0.156s)! For help, type "help"
[14:35:34] [Server thread/INFO]: Server empty for 60 seconds, pausing
Starting net.minecraft.server.Main
WARNING: A restricted method in java.lang.System has been called
WARNING: java.lang.System::load has been called by com.sun.jna.Native in an unnamed module (file:/data/code/minebot/resources/java-1.21.11/libraries/net/java/dev/jna/jna/5.17.0/jna-5.17.0.jar)
WARNING: Use --enable-native-access=ALL-UNNAMED to avoid a warning for callers in this module
WARNING: Restricted methods will be blocked in a future release unless native access is enabled

WARNING: A terminally deprecated method in sun.misc.Unsafe has been called
WARNING: sun.misc.Unsafe::objectFieldOffset has been called by org.joml.MemUtil$MemUtilUnsafe (file:/data/code/minebot/resources/java-1.21.11/libraries/org/joml/joml/1.10.8/joml-1.10.8.jar)
WARNING: Please consider reporting this to the maintainers of class org.joml.MemUtil$MemUtilUnsafe
WARNING: sun.misc.Unsafe::objectFieldOffset will be removed in a future release
[00:11:39] [ServerMain/INFO]: Environment: Environment[sessionHost=https://sessionserver.mojang.com, servicesHost=https://api.minecraftservices.com, profilesHost=https://api.mojang.com, name=PROD]
[00:11:40] [ServerMain/INFO]: Loaded 1470 recipes
[00:11:40] [ServerMain/INFO]: Loaded 1584 advancements
[00:11:40] [Server thread/INFO]: Starting minecraft server version 1.21.11
[00:11:40] [Server thread/INFO]: Loading properties
[00:11:40] [Server thread/INFO]: Default game type: CREATIVE
[00:11:40] [Server thread/INFO]: Generating keypair
[00:11:40] [Server thread/INFO]: Starting Minecraft server on *:25565
[00:11:40] [Server thread/WARN]: **** SERVER IS RUNNING IN OFFLINE/INSECURE MODE!
[00:11:40] [Server thread/WARN]: The server will make no attempt to authenticate usernames. Beware.
[00:11:40] [Server thread/WARN]: While this makes the game possible to play without internet access, it also opens up the ability for hackers to connect with any username they choose.
[00:11:40] [Server thread/WARN]: To change this, set "online-mode" to "true" in the server.properties file.
[00:11:40] [Server thread/INFO]: Preparing level "world"
[00:11:40] [Server thread/INFO]: Loading 0 persistent chunks...
[00:11:40] [Server thread/INFO]: Preparing spawn area: 100%
[00:11:40] [Server thread/INFO]: Time elapsed: 14 ms
[00:11:40] [Server thread/INFO]: Done (0.160s)! For help, type "help"
[00:12:40] [Server thread/INFO]: Server empty for 60 seconds, pausing
Starting net.minecraft.server.Main
WARNING: A restricted method in java.lang.System has been called
WARNING: java.lang.System::load has been called by com.sun.jna.Native in an unnamed module (file:/data/code/minebot/resources/java-1.21.11/libraries/net/java/dev/jna/jna/5.17.0/jna-5.17.0.jar)
WARNING: Use --enable-native-access=ALL-UNNAMED to avoid a warning for callers in this module
WARNING: Restricted methods will be blocked in a future release unless native access is enabled

WARNING: A terminally deprecated method in sun.misc.Unsafe has been called
WARNING: sun.misc.Unsafe::objectFieldOffset has been called by org.joml.MemUtil$MemUtilUnsafe (file:/data/code/minebot/resources/java-1.21.11/libraries/org/joml/joml/1.10.8/joml-1.10.8.jar)
WARNING: Please consider reporting this to the maintainers of class org.joml.MemUtil$MemUtilUnsafe
WARNING: sun.misc.Unsafe::objectFieldOffset will be removed in a future release
[15:50:23] [ServerMain/INFO]: Environment: Environment[sessionHost=https://sessionserver.mojang.com, servicesHost=https://api.minecraftservices.com, profilesHost=https://api.mojang.com, name=PROD]
[15:50:23] [ServerMain/INFO]: Loaded 1470 recipes
[15:50:23] [ServerMain/INFO]: Loaded 1584 advancements
[15:50:23] [Server thread/INFO]: Starting minecraft server version 1.21.11
[15:50:23] [Server thread/INFO]: Loading properties
[15:50:23] [Server thread/INFO]: Default game type: SURVIVAL
[15:50:23] [Server thread/INFO]: Generating keypair
[15:50:24] [Server thread/INFO]: Starting Minecraft server on *:25565
[15:50:24] [Server thread/WARN]: **** SERVER IS RUNNING IN OFFLINE/INSECURE MODE!
[15:50:24] [Server thread/WARN]: The server will make no attempt to authenticate usernames. Beware.
[15:50:24] [Server thread/WARN]: While this makes the game possible to play without internet access, it also opens up the ability for hackers to connect with any username they choose.
[15:50:24] [Server thread/WARN]: To change this, set "online-mode" to "true" in the server.properties file.
[15:50:24] [Server thread/INFO]: Preparing level "world"
[15:50:24] [Server thread/INFO]: Loading 0 persistent chunks...
[15:50:24] [Server thread/INFO]: Preparing spawn area: 100%
[15:50:24] [Server thread/INFO]: Time elapsed: 11 ms
[15:50:24] [Server thread/INFO]: Done (0.157s)! For help, type "help"
[15:51:24] [Server thread/INFO]: Server empty for 60 seconds, pausing
Starting net.minecraft.server.Main
WARNING: A restricted method in java.lang.System has been called
WARNING: java.lang.System::load has been called by com.sun.jna.Native in an unnamed module (file:/data/code/minebot/resources/java-1.21.11/libraries/net/java/dev/jna/jna/5.17.0/jna-5.17.0.jar)
WARNING: Use --enable-native-access=ALL-UNNAMED to avoid a warning for callers in this module
WARNING: Restricted methods will be blocked in a future release unless native access is enabled

WARNING: A terminally deprecated method in sun.misc.Unsafe has been called
WARNING: sun.misc.Unsafe::objectFieldOffset has been called by org.joml.MemUtil$MemUtilUnsafe (file:/data/code/minebot/resources/java-1.21.11/libraries/org/joml/joml/1.10.8/joml-1.10.8.jar)
WARNING: Please consider reporting this to the maintainers of class org.joml.MemUtil$MemUtilUnsafe
WARNING: sun.misc.Unsafe::objectFieldOffset will be removed in a future release
[18:02:30] [ServerMain/INFO]: Environment: Environment[sessionHost=https://sessionserver.mojang.com, servicesHost=https://api.minecraftservices.com, profilesHost=https://api.mojang.com, name=PROD]
[18:02:31] [ServerMain/INFO]: Loaded 1470 recipes
[18:02:31] [ServerMain/INFO]: Loaded 1584 advancements
[18:02:31] [Server thread/INFO]: Starting minecraft server version 1.21.11
[18:02:31] [Server thread/INFO]: Loading properties
[18:02:31] [Server thread/INFO]: Default game type: SURVIVAL
[18:02:31] [Server thread/INFO]: Generating keypair
[18:02:31] [Server thread/INFO]: Starting Minecraft server on *:25565
[18:02:31] [Server thread/WARN]: **** SERVER IS RUNNING IN OFFLINE/INSECURE MODE!
[18:02:31] [Server thread/WARN]: The server will make no attempt to authenticate usernames. Beware.
[18:02:31] [Server thread/WARN]: While this makes the game possible to play without internet access, it also opens up the ability for hackers to connect with any username they choose.
[18:02:31] [Server thread/WARN]: To change this, set "online-mode" to "true" in the server.properties file.
[18:02:31] [Server thread/INFO]: Preparing level "world"
[18:02:31] [Server thread/INFO]: Loading 0 persistent chunks...
[18:02:31] [Server thread/INFO]: Preparing spawn area: 100%
[18:02:31] [Server thread/INFO]: Time elapsed: 14 ms
[18:02:31] [Server thread/INFO]: Done (0.162s)! For help, type "help"
Starting net.minecraft.server.Main
WARNING: A restricted method in java.lang.System has been called
WARNING: java.lang.System::load has been called by com.sun.jna.Native in an unnamed module (file:/data/code/minebot/resources/java-1.21.11/libraries/net/java/dev/jna/jna/5.17.0/jna-5.17.0.jar)
WARNING: Use --enable-native-access=ALL-UNNAMED to avoid a warning for callers in this module
WARNING: Restricted methods will be blocked in a future release unless native access is enabled

WARNING: A terminally deprecated method in sun.misc.Unsafe has been called
WARNING: sun.misc.Unsafe::objectFieldOffset has been called by org.joml.MemUtil$MemUtilUnsafe (file:/data/code/minebot/resources/java-1.21.11/libraries/org/joml/joml/1.10.8/joml-1.10.8.jar)
WARNING: Please consider reporting this to the maintainers of class org.joml.MemUtil$MemUtilUnsafe
WARNING: sun.misc.Unsafe::objectFieldOffset will be removed in a future release
[14:39:17] [ServerMain/INFO]: Environment: Environment[sessionHost=https://sessionserver.mojang.com, servicesHost=https://api.minecraftservices.com, profilesHost=https://api.mojang.com, name=PROD]
[14:39:18] [ServerMain/INFO]: Loaded 1470 recipes
[14:39:18] [ServerMain/INFO]: Loaded 1584 advancements
[14:39:18] [Server thread/INFO]: Starting minecraft server version 1.21.11
[14:39:18] [Server thread/INFO]: Loading properties
[14:39:18] [Server thread/INFO]: Default game type: SURVIVAL
[14:39:18] [Server thread/INFO]: Generating keypair
[14:39:18] [Server thread/INFO]: Starting Minecraft server on *:25565
[14:39:18] [Server thread/WARN]: **** SERVER IS RUNNING IN OFFLINE/INSECURE MODE!
[14:39:18] [Server thread/WARN]: The server will make no attempt to authenticate usernames. Beware.
[14:39:18] [Server thread/WARN]: While this makes the game possible to play without internet access, it also opens up the ability for hackers to connect with any username they choose.
[14:39:18] [Server thread/WARN]: To change this, set "online-mode" to "true" in the server.properties file.
[14:39:18] [Server thread/INFO]: Preparing level "world"
[14:39:18] [Server thread/INFO]: Loading 0 persistent chunks...
[14:39:18] [Server thread/INFO]: Time elapsed: 11 ms
[14:39:18] [Server thread/INFO]: Done (0.144s)! For help, type "help"
